<?xml version="1.0" encoding="UTF-8"?>
<!-- Generated by org.testng.reporters.JUnitReportReporter -->
<testsuite hostname="IN01N03442" name="com.automation.testCases.TC_LoginTest" tests="1" failures="0" timestamp="25 Nov 2020 07:06:38 GMT" time="7.176" errors="0">
  <testcase name="LoginTest" time="7.176" classname="com.automation.testCases.TC_LoginTest"/>
</testsuite> <!-- com.automation.testCases.TC_LoginTest -->
